# JRE version: OpenJDK Runtime Environment (8.0_152-b06) (build 1.8.0_152-release-1136-b06)
# Java VM: OpenJDK 64-Bit Server VM (25.152-b06 mixed mode windows-amd64 compressed oops)
Heap:
 PSYoungGen      total 305152K, used 55993K [0x00000000eab00000, 0x00000000fff00000, 0x0000000100000000)
  eden space 268800K, 17% used [0x00000000eab00000,0x00000000ed7af8e8,0x00000000fb180000)
  from space 36352K, 28% used [0x00000000fb180000,0x00000000fbb7ec40,0x00000000fd500000)
  to   space 35328K, 0% used [0x00000000fdc80000,0x00000000fdc80000,0x00000000fff00000)
 ParOldGen       total 699392K, used 492905K [0x00000000c0000000, 0x00000000eab00000, 0x00000000eab00000)
  object space 699392K, 70% used [0x00000000c0000000,0x00000000de15a7e8,0x00000000eab00000)
 Metaspace       used 106624K, capacity 112864K, committed 132608K, reserved 1165312K
  class space    used 12892K, capacity 14074K, committed 17152K, reserved 1048576K
GC Heap History (10 events):
Event: 27786.662 GC heap before
{Heap before GC invocations=996 (full 30):
 PSYoungGen      total 292864K, used 246721K [0x00000000eab00000, 0x00000000ff780000, 0x0000000100000000)
  eden space 247296K, 99% used [0x00000000eab00000,0x00000000f9bd0450,0x00000000f9c80000)
  from space 45568K, 0% used [0x00000000fcb00000,0x00000000fcb20000,0x00000000ff780000)
  to   space 46592K, 0% used [0x00000000f9c80000,0x00000000f9c80000,0x00000000fca00000)
 ParOldGen       total 699392K, used 492769K [0x00000000c0000000, 0x00000000eab00000, 0x00000000eab00000)
  object space 699392K, 70% used [0x00000000c0000000,0x00000000de1387e8,0x00000000eab00000)
 Metaspace       used 105985K, capacity 111796K, committed 132608K, reserved 1165312K
  class space    used 12768K, capacity 13875K, committed 17152K, reserved 1048576K
Event: 27786.667 GC heap after
Heap after GC invocations=996 (full 30):
 PSYoungGen      total 293888K, used 128K [0x00000000eab00000, 0x00000000ffc00000, 0x0000000100000000)
  eden space 247296K, 0% used [0x00000000eab00000,0x00000000eab00000,0x00000000f9c80000)
  from space 46592K, 0% used [0x00000000f9c80000,0x00000000f9ca0000,0x00000000fca00000)
  to   space 44032K, 0% used [0x00000000fd100000,0x00000000fd100000,0x00000000ffc00000)
 ParOldGen       total 699392K, used 492793K [0x00000000c0000000, 0x00000000eab00000, 0x00000000eab00000)
  object space 699392K, 70% used [0x00000000c0000000,0x00000000de13e7e8,0x00000000eab00000)
 Metaspace       used 105985K, capacity 111796K, committed 132608K, reserved 1165312K
  class space    used 12768K, capacity 13875K, committed 17152K, reserved 1048576K
}
Event: 27786.693 GC heap before
{Heap before GC invocations=997 (full 30):
 PSYoungGen      total 293888K, used 246724K [0x00000000eab00000, 0x00000000ffc00000, 0x0000000100000000)
  eden space 247296K, 99% used [0x00000000eab00000,0x00000000f9bd11b8,0x00000000f9c80000)
  from space 46592K, 0% used [0x00000000f9c80000,0x00000000f9ca0000,0x00000000fca00000)
  to   space 44032K, 0% used [0x00000000fd100000,0x00000000fd100000,0x00000000ffc00000)
 ParOldGen       total 699392K, used 492793K [0x00000000c0000000, 0x00000000eab00000, 0x00000000eab00000)
  object space 699392K, 70% used [0x00000000c0000000,0x00000000de13e7e8,0x00000000eab00000)
 Metaspace       used 105985K, capacity 111796K, committed 132608K, reserved 1165312K
  class space    used 12768K, capacity 13875K, committed 17152K, reserved 1048576K
Event: 27786.698 GC heap after
Heap after GC invocations=997 (full 30):
 PSYoungGen      total 299008K, used 128K [0x00000000eab00000, 0x00000000ff880000, 0x0000000100000000)
  eden space 258560K, 0% used [0x00000000eab00000,0x00000000eab00000,0x00000000fa780000)
  from space 40448K, 0% used [0x00000000fd100000,0x00000000fd120000,0x00000000ff880000)
  to   space 41472K, 0% used [0x00000000fa780000,0x00000000fa780000,0x00000000fd000000)
 ParOldGen       total 699392K, used 492825K [0x00000000c0000000, 0x00000000eab00000, 0x00000000eab00000)
  object space 699392K, 70% used [0x00000000c0000000,0x00000000de1467e8,0x00000000eab00000)
 Metaspace       used 105985K, capacity 111796K, committed 132608K, reserved 1165312K
  class space    used 12768K, capacity 13875K, committed 17152K, reserved 1048576K
}
Event: 27786.727 GC heap before
{Heap before GC invocations=998 (full 30):
 PSYoungGen      total 299008K, used 258688K [0x00000000eab00000, 0x00000000ff880000, 0x0000000100000000)
  eden space 258560K, 100% used [0x00000000eab00000,0x00000000fa780000,0x00000000fa780000)
  from space 40448K, 0% used [0x00000000fd100000,0x00000000fd120000,0x00000000ff880000)
  to   space 41472K, 0% used [0x00000000fa780000,0x00000000fa780000,0x00000000fd000000)
 ParOldGen       total 699392K, used 492825K [0x00000000c0000000, 0x00000000eab00000, 0x00000000eab00000)
  object space 699392K, 70% used [0x00000000c0000000,0x00000000de1467e8,0x00000000eab00000)
 Metaspace       used 105985K, capacity 111796K, committed 132608K, reserved 1165312K
  class space    used 12768K, capacity 13875K, committed 17152K, reserved 1048576K
Event: 27786.732 GC heap after
Heap after GC invocations=998 (full 30):
 PSYoungGen      total 300032K, used 128K [0x00000000eab00000, 0x00000000ffc00000, 0x0000000100000000)
  eden space 258560K, 0% used [0x00000000eab00000,0x00000000eab00000,0x00000000fa780000)
  from space 41472K, 0% used [0x00000000fa780000,0x00000000fa7a0000,0x00000000fd000000)
  to   space 38912K, 0% used [0x00000000fd600000,0x00000000fd600000,0x00000000ffc00000)
 ParOldGen       total 699392K, used 492857K [0x00000000c0000000, 0x00000000eab00000, 0x00000000eab00000)
  object space 699392K, 70% used [0x00000000c0000000,0x00000000de14e7e8,0x00000000eab00000)
 Metaspace       used 105985K, capacity 111796K, committed 132608K, reserved 1165312K
  class space    used 12768K, capacity 13875K, committed 17152K, reserved 1048576K
}
Event: 27786.761 GC heap before
{Heap before GC invocations=999 (full 30):
 PSYoungGen      total 300032K, used 258688K [0x00000000eab00000, 0x00000000ffc00000, 0x0000000100000000)
  eden space 258560K, 100% used [0x00000000eab00000,0x00000000fa780000,0x00000000fa780000)
  from space 41472K, 0% used [0x00000000fa780000,0x00000000fa7a0000,0x00000000fd000000)
  to   space 38912K, 0% used [0x00000000fd600000,0x00000000fd600000,0x00000000ffc00000)
 ParOldGen       total 699392K, used 492857K [0x00000000c0000000, 0x00000000eab00000, 0x00000000eab00000)
  object space 699392K, 70% used [0x00000000c0000000,0x00000000de14e7e8,0x00000000eab00000)
 Metaspace       used 105985K, capacity 111796K, committed 132608K, reserved 1165312K
  class space    used 12768K, capacity 13875K, committed 17152K, reserved 1048576K
Event: 27786.766 GC heap after
Heap after GC invocations=999 (full 30):
 PSYoungGen      total 304128K, used 128K [0x00000000eab00000, 0x00000000ff880000, 0x0000000100000000)
  eden space 268800K, 0% used [0x00000000eab00000,0x00000000eab00000,0x00000000fb180000)
  from space 35328K, 0% used [0x00000000fd600000,0x00000000fd620000,0x00000000ff880000)
  to   space 36352K, 0% used [0x00000000fb180000,0x00000000fb180000,0x00000000fd500000)
 ParOldGen       total 699392K, used 492881K [0x00000000c0000000, 0x00000000eab00000, 0x00000000eab00000)
  object space 699392K, 70% used [0x00000000c0000000,0x00000000de1547e8,0x00000000eab00000)
 Metaspace       used 105985K, capacity 111796K, committed 132608K, reserved 1165312K
  class space    used 12768K, capacity 13875K, committed 17152K, reserved 1048576K
}
Event: 28371.579 GC heap before
{Heap before GC invocations=1000 (full 30):
 PSYoungGen      total 304128K, used 268928K [0x00000000eab00000, 0x00000000ff880000, 0x0000000100000000)
  eden space 268800K, 100% used [0x00000000eab00000,0x00000000fb180000,0x00000000fb180000)
  from space 35328K, 0% used [0x00000000fd600000,0x00000000fd620000,0x00000000ff880000)
  to   space 36352K, 0% used [0x00000000fb180000,0x00000000fb180000,0x00000000fd500000)
 ParOldGen       total 699392K, used 492881K [0x00000000c0000000, 0x00000000eab00000, 0x00000000eab00000)
  object space 699392K, 70% used [0x00000000c0000000,0x00000000de1547e8,0x00000000eab00000)
 Metaspace       used 106620K, capacity 112858K, committed 132608K, reserved 1165312K
  class space    used 12892K, capacity 14073K, committed 17152K, reserved 1048576K
Event: 28371.632 GC heap after
Heap after GC invocations=1000 (full 30):
 PSYoungGen      total 305152K, used 10235K [0x00000000eab00000, 0x00000000fff00000, 0x0000000100000000)
  eden space 268800K, 0% used [0x00000000eab00000,0x00000000eab00000,0x00000000fb180000)
  from space 36352K, 28% used [0x00000000fb180000,0x00000000fbb7ec40,0x00000000fd500000)
  to   space 35328K, 0% used [0x00000000fdc80000,0x00000000fdc80000,0x00000000fff00000)
 ParOldGen       total 699392K, used 492905K [0x00000000c0000000, 0x00000000eab00000, 0x00000000eab00000)
  object space 699392K, 70% used [0x00000000c0000000,0x00000000de15a7e8,0x00000000eab00000)
 Metaspace       used 106620K, capacity 112858K, committed 132608K, reserved 1165312K
  class space    used 12892K, capacity 14073K, committed 17152K, reserved 1048576K
}

