# JRE version: OpenJDK Runtime Environment (8.0_152-b06) (build 1.8.0_152-release-1136-b06)
# Java VM: OpenJDK 64-Bit Server VM (25.152-b06 mixed mode windows-amd64 compressed oops)
Heap:
 PSYoungGen      total 298496K, used 298472K [0x00000000eab00000, 0x0000000100000000, 0x0000000100000000)
  eden space 247808K, 100% used [0x00000000eab00000,0x00000000f9d00000,0x00000000f9d00000)
  from space 50688K, 99% used [0x00000000f9d00000,0x00000000fce7a030,0x00000000fce80000)
  to   space 50688K, 8% used [0x00000000fce80000,0x00000000fd2d7328,0x0000000100000000)
 ParOldGen       total 236032K, used 114404K [0x00000000c0000000, 0x00000000ce680000, 0x00000000eab00000)
  object space 236032K, 48% used [0x00000000c0000000,0x00000000c6fb9340,0x00000000ce680000)
 Metaspace       used 81905K, capacity 84196K, committed 84312K, reserved 1122304K
  class space    used 10446K, capacity 11098K, committed 11136K, reserved 1048576K
GC Heap History (10 events):
Event: 86.401 GC heap after
Heap after GC invocations=17 (full 3):
 PSYoungGen      total 309760K, used 12303K [0x00000000eab00000, 0x0000000100000000, 0x0000000100000000)
  eden space 268800K, 0% used [0x00000000eab00000,0x00000000eab00000,0x00000000fb180000)
  from space 40960K, 30% used [0x00000000fd800000,0x00000000fe403ca0,0x0000000100000000)
  to   space 39424K, 0% used [0x00000000fb180000,0x00000000fb180000,0x00000000fd800000)
 ParOldGen       total 144896K, used 105496K [0x00000000c0000000, 0x00000000c8d80000, 0x00000000eab00000)
  object space 144896K, 72% used [0x00000000c0000000,0x00000000c6706380,0x00000000c8d80000)
 Metaspace       used 69584K, capacity 71710K, committed 71768K, reserved 1112064K
  class space    used 9159K, capacity 9817K, committed 9856K, reserved 1048576K
}
Event: 94.122 GC heap before
{Heap before GC invocations=18 (full 3):
 PSYoungGen      total 309760K, used 281103K [0x00000000eab00000, 0x0000000100000000, 0x0000000100000000)
  eden space 268800K, 100% used [0x00000000eab00000,0x00000000fb180000,0x00000000fb180000)
  from space 40960K, 30% used [0x00000000fd800000,0x00000000fe403ca0,0x0000000100000000)
  to   space 39424K, 0% used [0x00000000fb180000,0x00000000fb180000,0x00000000fd800000)
 ParOldGen       total 144896K, used 105496K [0x00000000c0000000, 0x00000000c8d80000, 0x00000000eab00000)
  object space 144896K, 72% used [0x00000000c0000000,0x00000000c6706380,0x00000000c8d80000)
 Metaspace       used 70289K, capacity 72490K, committed 72536K, reserved 1112064K
  class space    used 9204K, capacity 9839K, committed 9856K, reserved 1048576K
Event: 94.193 GC heap after
Heap after GC invocations=18 (full 3):
 PSYoungGen      total 308224K, used 39402K [0x00000000eab00000, 0x0000000100000000, 0x0000000100000000)
  eden space 268800K, 0% used [0x00000000eab00000,0x00000000eab00000,0x00000000fb180000)
  from space 39424K, 99% used [0x00000000fb180000,0x00000000fd7faad0,0x00000000fd800000)
  to   space 40960K, 0% used [0x00000000fd800000,0x00000000fd800000,0x0000000100000000)
 ParOldGen       total 144896K, used 108787K [0x00000000c0000000, 0x00000000c8d80000, 0x00000000eab00000)
  object space 144896K, 75% used [0x00000000c0000000,0x00000000c6a3cc70,0x00000000c8d80000)
 Metaspace       used 70289K, capacity 72490K, committed 72536K, reserved 1112064K
  class space    used 9204K, capacity 9839K, committed 9856K, reserved 1048576K
}
Event: 98.986 GC heap before
{Heap before GC invocations=19 (full 3):
 PSYoungGen      total 308224K, used 308202K [0x00000000eab00000, 0x0000000100000000, 0x0000000100000000)
  eden space 268800K, 100% used [0x00000000eab00000,0x00000000fb180000,0x00000000fb180000)
  from space 39424K, 99% used [0x00000000fb180000,0x00000000fd7faad0,0x00000000fd800000)
  to   space 40960K, 0% used [0x00000000fd800000,0x00000000fd800000,0x0000000100000000)
 ParOldGen       total 144896K, used 108787K [0x00000000c0000000, 0x00000000c8d80000, 0x00000000eab00000)
  object space 144896K, 75% used [0x00000000c0000000,0x00000000c6a3cc70,0x00000000c8d80000)
 Metaspace       used 74793K, capacity 77028K, committed 77272K, reserved 1116160K
  class space    used 9753K, capacity 10394K, committed 10496K, reserved 1048576K
Event: 99.106 GC heap after
Heap after GC invocations=19 (full 3):
 PSYoungGen      total 288768K, used 36653K [0x00000000eab00000, 0x0000000100000000, 0x0000000100000000)
  eden space 247808K, 0% used [0x00000000eab00000,0x00000000eab00000,0x00000000f9d00000)
  from space 40960K, 89% used [0x00000000fd800000,0x00000000ffbcb590,0x0000000100000000)
  to   space 50688K, 0% used [0x00000000f9d00000,0x00000000f9d00000,0x00000000fce80000)
 ParOldGen       total 144896K, used 131927K [0x00000000c0000000, 0x00000000c8d80000, 0x00000000eab00000)
  object space 144896K, 91% used [0x00000000c0000000,0x00000000c80d5dc8,0x00000000c8d80000)
 Metaspace       used 74793K, capacity 77028K, committed 77272K, reserved 1116160K
  class space    used 9753K, capacity 10394K, committed 10496K, reserved 1048576K
}
Event: 99.106 GC heap before
{Heap before GC invocations=20 (full 4):
 PSYoungGen      total 288768K, used 36653K [0x00000000eab00000, 0x0000000100000000, 0x0000000100000000)
  eden space 247808K, 0% used [0x00000000eab00000,0x00000000eab00000,0x00000000f9d00000)
  from space 40960K, 89% used [0x00000000fd800000,0x00000000ffbcb590,0x0000000100000000)
  to   space 50688K, 0% used [0x00000000f9d00000,0x00000000f9d00000,0x00000000fce80000)
 ParOldGen       total 144896K, used 131927K [0x00000000c0000000, 0x00000000c8d80000, 0x00000000eab00000)
  object space 144896K, 91% used [0x00000000c0000000,0x00000000c80d5dc8,0x00000000c8d80000)
 Metaspace       used 74793K, capacity 77028K, committed 77272K, reserved 1116160K
  class space    used 9753K, capacity 10394K, committed 10496K, reserved 1048576K
Event: 99.544 GC heap after
Heap after GC invocations=20 (full 4):
 PSYoungGen      total 288768K, used 0K [0x00000000eab00000, 0x0000000100000000, 0x0000000100000000)
  eden space 247808K, 0% used [0x00000000eab00000,0x00000000eab00000,0x00000000f9d00000)
  from space 40960K, 0% used [0x00000000fd800000,0x00000000fd800000,0x0000000100000000)
  to   space 50688K, 0% used [0x00000000f9d00000,0x00000000f9d00000,0x00000000fce80000)
 ParOldGen       total 236032K, used 88652K [0x00000000c0000000, 0x00000000ce680000, 0x00000000eab00000)
  object space 236032K, 37% used [0x00000000c0000000,0x00000000c56932a8,0x00000000ce680000)
 Metaspace       used 74793K, capacity 77028K, committed 77272K, reserved 1116160K
  class space    used 9753K, capacity 10394K, committed 10496K, reserved 1048576K
}
Event: 101.705 GC heap before
{Heap before GC invocations=21 (full 4):
 PSYoungGen      total 288768K, used 247808K [0x00000000eab00000, 0x0000000100000000, 0x0000000100000000)
  eden space 247808K, 100% used [0x00000000eab00000,0x00000000f9d00000,0x00000000f9d00000)
  from space 40960K, 0% used [0x00000000fd800000,0x00000000fd800000,0x0000000100000000)
  to   space 50688K, 0% used [0x00000000f9d00000,0x00000000f9d00000,0x00000000fce80000)
 ParOldGen       total 236032K, used 88652K [0x00000000c0000000, 0x00000000ce680000, 0x00000000eab00000)
  object space 236032K, 37% used [0x00000000c0000000,0x00000000c56932a8,0x00000000ce680000)
 Metaspace       used 80468K, capacity 82724K, committed 82904K, reserved 1122304K
  class space    used 10329K, capacity 10970K, committed 11008K, reserved 1048576K
Event: 101.779 GC heap after
Heap after GC invocations=21 (full 4):
 PSYoungGen      total 298496K, used 50664K [0x00000000eab00000, 0x0000000100000000, 0x0000000100000000)
  eden space 247808K, 0% used [0x00000000eab00000,0x00000000eab00000,0x00000000f9d00000)
  from space 50688K, 99% used [0x00000000f9d00000,0x00000000fce7a030,0x00000000fce80000)
  to   space 50688K, 0% used [0x00000000fce80000,0x00000000fce80000,0x0000000100000000)
 ParOldGen       total 236032K, used 107422K [0x00000000c0000000, 0x00000000ce680000, 0x00000000eab00000)
  object space 236032K, 45% used [0x00000000c0000000,0x00000000c68e7b30,0x00000000ce680000)
 Metaspace       used 80468K, capacity 82724K, committed 82904K, reserved 1122304K
  class space    used 10329K, capacity 10970K, committed 11008K, reserved 1048576K
}
Event: 103.463 GC heap before
{Heap before GC invocations=22 (full 4):
 PSYoungGen      total 298496K, used 298472K [0x00000000eab00000, 0x0000000100000000, 0x0000000100000000)
  eden space 247808K, 100% used [0x00000000eab00000,0x00000000f9d00000,0x00000000f9d00000)
  from space 50688K, 99% used [0x00000000f9d00000,0x00000000fce7a030,0x00000000fce80000)
  to   space 50688K, 0% used [0x00000000fce80000,0x00000000fce80000,0x0000000100000000)
 ParOldGen       total 236032K, used 107422K [0x00000000c0000000, 0x00000000ce680000, 0x00000000eab00000)
  object space 236032K, 45% used [0x00000000c0000000,0x00000000c68e7b30,0x00000000ce680000)
 Metaspace       used 81905K, capacity 84196K, committed 84312K, reserved 1122304K
  class space    used 10446K, capacity 11098K, committed 11136K, reserved 1048576K

