# JRE version: OpenJDK Runtime Environment (8.0_152-b06) (build 1.8.0_152-release-1136-b06)
# Java VM: OpenJDK 64-Bit Server VM (25.152-b06 mixed mode windows-amd64 compressed oops)
Heap:
 PSYoungGen      total 210432K, used 210422K [0x00000000eab00000, 0x0000000100000000, 0x0000000100000000)
  eden space 174080K, 100% used [0x00000000eab00000,0x00000000f5500000,0x00000000f5500000)
  from space 36352K, 99% used [0x00000000fdc80000,0x00000000ffffd838,0x0000000100000000)
  to   space 87552K, 35% used [0x00000000f5500000,0x00000000f7303fb0,0x00000000faa80000)
 ParOldGen       total 686592K, used 597615K [0x00000000c0000000, 0x00000000e9e80000, 0x00000000eab00000)
  object space 686592K, 87% used [0x00000000c0000000,0x00000000e479bed0,0x00000000e9e80000)
 Metaspace       used 122775K, capacity 128118K, committed 128344K, reserved 1161216K
  class space    used 14632K, capacity 15714K, committed 15744K, reserved 1048576K
GC Heap History (10 events):
Event: 6447.400 GC heap after
Heap after GC invocations=689 (full 18):
 PSYoungGen      total 302080K, used 128K [0x00000000eab00000, 0x00000000ff880000, 0x0000000100000000)
  eden space 268800K, 0% used [0x00000000eab00000,0x00000000eab00000,0x00000000fb180000)
  from space 33280K, 0% used [0x00000000fd800000,0x00000000fd820000,0x00000000ff880000)
  to   space 36352K, 0% used [0x00000000fb180000,0x00000000fb180000,0x00000000fd500000)
 ParOldGen       total 686592K, used 441316K [0x00000000c0000000, 0x00000000e9e80000, 0x00000000eab00000)
  object space 686592K, 64% used [0x00000000c0000000,0x00000000daef93e8,0x00000000e9e80000)
 Metaspace       used 116718K, capacity 121976K, committed 122328K, reserved 1157120K
  class space    used 13991K, capacity 15030K, committed 15104K, reserved 1048576K
}
Event: 8868.739 GC heap before
{Heap before GC invocations=690 (full 18):
 PSYoungGen      total 302080K, used 268928K [0x00000000eab00000, 0x00000000ff880000, 0x0000000100000000)
  eden space 268800K, 100% used [0x00000000eab00000,0x00000000fb180000,0x00000000fb180000)
  from space 33280K, 0% used [0x00000000fd800000,0x00000000fd820000,0x00000000ff880000)
  to   space 36352K, 0% used [0x00000000fb180000,0x00000000fb180000,0x00000000fd500000)
 ParOldGen       total 686592K, used 441316K [0x00000000c0000000, 0x00000000e9e80000, 0x00000000eab00000)
  object space 686592K, 64% used [0x00000000c0000000,0x00000000daef93e8,0x00000000e9e80000)
 Metaspace       used 116743K, capacity 122052K, committed 122328K, reserved 1157120K
  class space    used 13992K, capacity 15032K, committed 15104K, reserved 1048576K
Event: 8868.751 GC heap after
Heap after GC invocations=690 (full 18):
 PSYoungGen      total 305152K, used 3545K [0x00000000eab00000, 0x00000000ffd00000, 0x0000000100000000)
  eden space 268800K, 0% used [0x00000000eab00000,0x00000000eab00000,0x00000000fb180000)
  from space 36352K, 9% used [0x00000000fb180000,0x00000000fb4f6420,0x00000000fd500000)
  to   space 33280K, 0% used [0x00000000fdc80000,0x00000000fdc80000,0x00000000ffd00000)
 ParOldGen       total 686592K, used 441340K [0x00000000c0000000, 0x00000000e9e80000, 0x00000000eab00000)
  object space 686592K, 64% used [0x00000000c0000000,0x00000000daeff3e8,0x00000000e9e80000)
 Metaspace       used 116743K, capacity 122052K, committed 122328K, reserved 1157120K
  class space    used 13992K, capacity 15032K, committed 15104K, reserved 1048576K
}
Event: 8889.152 GC heap before
{Heap before GC invocations=691 (full 18):
 PSYoungGen      total 305152K, used 272345K [0x00000000eab00000, 0x00000000ffd00000, 0x0000000100000000)
  eden space 268800K, 100% used [0x00000000eab00000,0x00000000fb180000,0x00000000fb180000)
  from space 36352K, 9% used [0x00000000fb180000,0x00000000fb4f6420,0x00000000fd500000)
  to   space 33280K, 0% used [0x00000000fdc80000,0x00000000fdc80000,0x00000000ffd00000)
 ParOldGen       total 686592K, used 441340K [0x00000000c0000000, 0x00000000e9e80000, 0x00000000eab00000)
  object space 686592K, 64% used [0x00000000c0000000,0x00000000daeff3e8,0x00000000e9e80000)
 Metaspace       used 116930K, capacity 122262K, committed 122456K, reserved 1157120K
  class space    used 14017K, capacity 15106K, committed 15232K, reserved 1048576K
Event: 8889.179 GC heap after
Heap after GC invocations=691 (full 18):
 PSYoungGen      total 312320K, used 12540K [0x00000000eab00000, 0x00000000ffe00000, 0x0000000100000000)
  eden space 279040K, 0% used [0x00000000eab00000,0x00000000eab00000,0x00000000fbb80000)
  from space 33280K, 37% used [0x00000000fdc80000,0x00000000fe8bf278,0x00000000ffd00000)
  to   space 33792K, 0% used [0x00000000fbb80000,0x00000000fbb80000,0x00000000fdc80000)
 ParOldGen       total 686592K, used 444549K [0x00000000c0000000, 0x00000000e9e80000, 0x00000000eab00000)
  object space 686592K, 64% used [0x00000000c0000000,0x00000000db221540,0x00000000e9e80000)
 Metaspace       used 116930K, capacity 122262K, committed 122456K, reserved 1157120K
  class space    used 14017K, capacity 15106K, committed 15232K, reserved 1048576K
}
Event: 8890.899 GC heap before
{Heap before GC invocations=692 (full 18):
 PSYoungGen      total 312320K, used 291580K [0x00000000eab00000, 0x00000000ffe00000, 0x0000000100000000)
  eden space 279040K, 100% used [0x00000000eab00000,0x00000000fbb80000,0x00000000fbb80000)
  from space 33280K, 37% used [0x00000000fdc80000,0x00000000fe8bf278,0x00000000ffd00000)
  to   space 33792K, 0% used [0x00000000fbb80000,0x00000000fbb80000,0x00000000fdc80000)
 ParOldGen       total 686592K, used 444549K [0x00000000c0000000, 0x00000000e9e80000, 0x00000000eab00000)
  object space 686592K, 64% used [0x00000000c0000000,0x00000000db221540,0x00000000e9e80000)
 Metaspace       used 121390K, capacity 126742K, committed 127064K, reserved 1161216K
  class space    used 14515K, capacity 15618K, committed 15744K, reserved 1048576K
Event: 8891.033 GC heap after
Heap after GC invocations=692 (full 18):
 PSYoungGen      total 312832K, used 33764K [0x00000000eab00000, 0x0000000100000000, 0x0000000100000000)
  eden space 279040K, 0% used [0x00000000eab00000,0x00000000eab00000,0x00000000fbb80000)
  from space 33792K, 99% used [0x00000000fbb80000,0x00000000fdc791b0,0x00000000fdc80000)
  to   space 36352K, 0% used [0x00000000fdc80000,0x00000000fdc80000,0x0000000100000000)
 ParOldGen       total 686592K, used 506749K [0x00000000c0000000, 0x00000000e9e80000, 0x00000000eab00000)
  object space 686592K, 73% used [0x00000000c0000000,0x00000000deedf4a0,0x00000000e9e80000)
 Metaspace       used 121390K, capacity 126742K, committed 127064K, reserved 1161216K
  class space    used 14515K, capacity 15618K, committed 15744K, reserved 1048576K
}
Event: 8893.999 GC heap before
{Heap before GC invocations=693 (full 18):
 PSYoungGen      total 312832K, used 312804K [0x00000000eab00000, 0x0000000100000000, 0x0000000100000000)
  eden space 279040K, 100% used [0x00000000eab00000,0x00000000fbb80000,0x00000000fbb80000)
  from space 33792K, 99% used [0x00000000fbb80000,0x00000000fdc791b0,0x00000000fdc80000)
  to   space 36352K, 0% used [0x00000000fdc80000,0x00000000fdc80000,0x0000000100000000)
 ParOldGen       total 686592K, used 506749K [0x00000000c0000000, 0x00000000e9e80000, 0x00000000eab00000)
  object space 686592K, 73% used [0x00000000c0000000,0x00000000deedf4a0,0x00000000e9e80000)
 Metaspace       used 122760K, capacity 128118K, committed 128344K, reserved 1161216K
  class space    used 14631K, capacity 15714K, committed 15744K, reserved 1048576K
Event: 8894.225 GC heap after
Heap after GC invocations=693 (full 18):
 PSYoungGen      total 210432K, used 36342K [0x00000000eab00000, 0x0000000100000000, 0x0000000100000000)
  eden space 174080K, 0% used [0x00000000eab00000,0x00000000eab00000,0x00000000f5500000)
  from space 36352K, 99% used [0x00000000fdc80000,0x00000000ffffd838,0x0000000100000000)
  to   space 87552K, 0% used [0x00000000f5500000,0x00000000f5500000,0x00000000faa80000)
 ParOldGen       total 686592K, used 561668K [0x00000000c0000000, 0x00000000e9e80000, 0x00000000eab00000)
  object space 686592K, 81% used [0x00000000c0000000,0x00000000e24813f8,0x00000000e9e80000)
 Metaspace       used 122760K, capacity 128118K, committed 128344K, reserved 1161216K
  class space    used 14631K, capacity 15714K, committed 15744K, reserved 1048576K
}
Event: 8895.370 GC heap before
{Heap before GC invocations=694 (full 18):
 PSYoungGen      total 210432K, used 210422K [0x00000000eab00000, 0x0000000100000000, 0x0000000100000000)
  eden space 174080K, 100% used [0x00000000eab00000,0x00000000f5500000,0x00000000f5500000)
  from space 36352K, 99% used [0x00000000fdc80000,0x00000000ffffd838,0x0000000100000000)
  to   space 87552K, 0% used [0x00000000f5500000,0x00000000f5500000,0x00000000faa80000)
 ParOldGen       total 686592K, used 561668K [0x00000000c0000000, 0x00000000e9e80000, 0x00000000eab00000)
  object space 686592K, 81% used [0x00000000c0000000,0x00000000e24813f8,0x00000000e9e80000)
 Metaspace       used 122775K, capacity 128118K, committed 128344K, reserved 1161216K
  class space    used 14632K, capacity 15714K, committed 15744K, reserved 1048576K

