# JRE version: OpenJDK Runtime Environment (8.0_152-b06) (build 1.8.0_152-release-1136-b06)
# Java VM: OpenJDK 64-Bit Server VM (25.152-b06 mixed mode windows-amd64 compressed oops)
Heap:
 PSYoungGen      total 266240K, used 216946K [0x00000000eab00000, 0x0000000100000000, 0x0000000100000000)
  eden space 183296K, 100% used [0x00000000eab00000,0x00000000f5e00000,0x00000000f5e00000)
  from space 82944K, 40% used [0x00000000f5e00000,0x00000000f7edcaa8,0x00000000faf00000)
  to   space 78848K, 3% used [0x00000000fb300000,0x00000000fb5cad50,0x0000000100000000)
 ParOldGen       total 282624K, used 242232K [0x00000000c0000000, 0x00000000d1400000, 0x00000000eab00000)
  object space 282624K, 85% used [0x00000000c0000000,0x00000000cec902a8,0x00000000d1400000)
 Metaspace       used 74591K, capacity 76598K, committed 76928K, reserved 1116160K
  class space    used 9699K, capacity 10277K, committed 10368K, reserved 1048576K
GC Heap History (10 events):
Event: 26.001 GC heap after
Heap after GC invocations=15 (full 3):
 PSYoungGen      total 306176K, used 24548K [0x00000000eab00000, 0x0000000100000000, 0x0000000100000000)
  eden space 281600K, 0% used [0x00000000eab00000,0x00000000eab00000,0x00000000fbe00000)
  from space 24576K, 99% used [0x00000000fe800000,0x00000000ffff92e0,0x0000000100000000)
  to   space 33792K, 0% used [0x00000000fbe00000,0x00000000fbe00000,0x00000000fdf00000)
 ParOldGen       total 137216K, used 61517K [0x00000000c0000000, 0x00000000c8600000, 0x00000000eab00000)
  object space 137216K, 44% used [0x00000000c0000000,0x00000000c3c13508,0x00000000c8600000)
 Metaspace       used 65927K, capacity 67952K, committed 68224K, reserved 1107968K
  class space    used 8927K, capacity 9508K, committed 9600K, reserved 1048576K
}
Event: 29.232 GC heap before
{Heap before GC invocations=16 (full 3):
 PSYoungGen      total 306176K, used 306148K [0x00000000eab00000, 0x0000000100000000, 0x0000000100000000)
  eden space 281600K, 100% used [0x00000000eab00000,0x00000000fbe00000,0x00000000fbe00000)
  from space 24576K, 99% used [0x00000000fe800000,0x00000000ffff92e0,0x0000000100000000)
  to   space 33792K, 0% used [0x00000000fbe00000,0x00000000fbe00000,0x00000000fdf00000)
 ParOldGen       total 137216K, used 61517K [0x00000000c0000000, 0x00000000c8600000, 0x00000000eab00000)
  object space 137216K, 44% used [0x00000000c0000000,0x00000000c3c13508,0x00000000c8600000)
 Metaspace       used 71876K, capacity 73872K, committed 74240K, reserved 1114112K
  class space    used 9529K, capacity 10116K, committed 10240K, reserved 1048576K
Event: 29.386 GC heap after
Heap after GC invocations=16 (full 3):
 PSYoungGen      total 315392K, used 33780K [0x00000000eab00000, 0x0000000100000000, 0x0000000100000000)
  eden space 281600K, 0% used [0x00000000eab00000,0x00000000eab00000,0x00000000fbe00000)
  from space 33792K, 99% used [0x00000000fbe00000,0x00000000fdefd3e0,0x00000000fdf00000)
  to   space 33792K, 0% used [0x00000000fdf00000,0x00000000fdf00000,0x0000000100000000)
 ParOldGen       total 137216K, used 131598K [0x00000000c0000000, 0x00000000c8600000, 0x00000000eab00000)
  object space 137216K, 95% used [0x00000000c0000000,0x00000000c8083a58,0x00000000c8600000)
 Metaspace       used 71876K, capacity 73872K, committed 74240K, reserved 1114112K
  class space    used 9529K, capacity 10116K, committed 10240K, reserved 1048576K
}
Event: 29.386 GC heap before
{Heap before GC invocations=17 (full 4):
 PSYoungGen      total 315392K, used 33780K [0x00000000eab00000, 0x0000000100000000, 0x0000000100000000)
  eden space 281600K, 0% used [0x00000000eab00000,0x00000000eab00000,0x00000000fbe00000)
  from space 33792K, 99% used [0x00000000fbe00000,0x00000000fdefd3e0,0x00000000fdf00000)
  to   space 33792K, 0% used [0x00000000fdf00000,0x00000000fdf00000,0x0000000100000000)
 ParOldGen       total 137216K, used 131598K [0x00000000c0000000, 0x00000000c8600000, 0x00000000eab00000)
  object space 137216K, 95% used [0x00000000c0000000,0x00000000c8083a58,0x00000000c8600000)
 Metaspace       used 71876K, capacity 73872K, committed 74240K, reserved 1114112K
  class space    used 9529K, capacity 10116K, committed 10240K, reserved 1048576K
Event: 30.477 GC heap after
Heap after GC invocations=17 (full 4):
 PSYoungGen      total 315392K, used 17214K [0x00000000eab00000, 0x0000000100000000, 0x0000000100000000)
  eden space 281600K, 0% used [0x00000000eab00000,0x00000000eab00000,0x00000000fbe00000)
  from space 33792K, 50% used [0x00000000fbe00000,0x00000000fcecfb78,0x00000000fdf00000)
  to   space 33792K, 0% used [0x00000000fdf00000,0x00000000fdf00000,0x0000000100000000)
 ParOldGen       total 282624K, used 136713K [0x00000000c0000000, 0x00000000d1400000, 0x00000000eab00000)
  object space 282624K, 48% used [0x00000000c0000000,0x00000000c8582650,0x00000000d1400000)
 Metaspace       used 71876K, capacity 73872K, committed 74240K, reserved 1114112K
  class space    used 9529K, capacity 10116K, committed 10240K, reserved 1048576K
}
Event: 32.943 GC heap before
{Heap before GC invocations=18 (full 4):
 PSYoungGen      total 315392K, used 298814K [0x00000000eab00000, 0x0000000100000000, 0x0000000100000000)
  eden space 281600K, 100% used [0x00000000eab00000,0x00000000fbe00000,0x00000000fbe00000)
  from space 33792K, 50% used [0x00000000fbe00000,0x00000000fcecfb78,0x00000000fdf00000)
  to   space 33792K, 0% used [0x00000000fdf00000,0x00000000fdf00000,0x0000000100000000)
 ParOldGen       total 282624K, used 136713K [0x00000000c0000000, 0x00000000d1400000, 0x00000000eab00000)
  object space 282624K, 48% used [0x00000000c0000000,0x00000000c8582650,0x00000000d1400000)
 Metaspace       used 73144K, capacity 75120K, committed 75264K, reserved 1114112K
  class space    used 9622K, capacity 10212K, committed 10240K, reserved 1048576K
Event: 33.115 GC heap after
Heap after GC invocations=18 (full 4):
 PSYoungGen      total 217088K, used 33765K [0x00000000eab00000, 0x0000000100000000, 0x0000000100000000)
  eden space 183296K, 0% used [0x00000000eab00000,0x00000000eab00000,0x00000000f5e00000)
  from space 33792K, 99% used [0x00000000fdf00000,0x00000000ffff9518,0x0000000100000000)
  to   space 82944K, 0% used [0x00000000f5e00000,0x00000000f5e00000,0x00000000faf00000)
 ParOldGen       total 282624K, used 185741K [0x00000000c0000000, 0x00000000d1400000, 0x00000000eab00000)
  object space 282624K, 65% used [0x00000000c0000000,0x00000000cb563630,0x00000000d1400000)
 Metaspace       used 73144K, capacity 75120K, committed 75264K, reserved 1114112K
  class space    used 9622K, capacity 10212K, committed 10240K, reserved 1048576K
}
Event: 36.541 GC heap before
{Heap before GC invocations=19 (full 4):
 PSYoungGen      total 217088K, used 217061K [0x00000000eab00000, 0x0000000100000000, 0x0000000100000000)
  eden space 183296K, 100% used [0x00000000eab00000,0x00000000f5e00000,0x00000000f5e00000)
  from space 33792K, 99% used [0x00000000fdf00000,0x00000000ffff9518,0x0000000100000000)
  to   space 82944K, 0% used [0x00000000f5e00000,0x00000000f5e00000,0x00000000faf00000)
 ParOldGen       total 282624K, used 185741K [0x00000000c0000000, 0x00000000d1400000, 0x00000000eab00000)
  object space 282624K, 65% used [0x00000000c0000000,0x00000000cb563630,0x00000000d1400000)
 Metaspace       used 74446K, capacity 76470K, committed 76672K, reserved 1116160K
  class space    used 9698K, capacity 10277K, committed 10368K, reserved 1048576K
Event: 36.695 GC heap after
Heap after GC invocations=19 (full 4):
 PSYoungGen      total 266240K, used 33650K [0x00000000eab00000, 0x0000000100000000, 0x0000000100000000)
  eden space 183296K, 0% used [0x00000000eab00000,0x00000000eab00000,0x00000000f5e00000)
  from space 82944K, 40% used [0x00000000f5e00000,0x00000000f7edcaa8,0x00000000faf00000)
  to   space 78848K, 0% used [0x00000000fb300000,0x00000000fb300000,0x0000000100000000)
 ParOldGen       total 282624K, used 219140K [0x00000000c0000000, 0x00000000d1400000, 0x00000000eab00000)
  object space 282624K, 77% used [0x00000000c0000000,0x00000000cd601108,0x00000000d1400000)
 Metaspace       used 74446K, capacity 76470K, committed 76672K, reserved 1116160K
  class space    used 9698K, capacity 10277K, committed 10368K, reserved 1048576K
}
Event: 40.220 GC heap before
{Heap before GC invocations=20 (full 4):
 PSYoungGen      total 266240K, used 216946K [0x00000000eab00000, 0x0000000100000000, 0x0000000100000000)
  eden space 183296K, 100% used [0x00000000eab00000,0x00000000f5e00000,0x00000000f5e00000)
  from space 82944K, 40% used [0x00000000f5e00000,0x00000000f7edcaa8,0x00000000faf00000)
  to   space 78848K, 0% used [0x00000000fb300000,0x00000000fb300000,0x0000000100000000)
 ParOldGen       total 282624K, used 219140K [0x00000000c0000000, 0x00000000d1400000, 0x00000000eab00000)
  object space 282624K, 77% used [0x00000000c0000000,0x00000000cd601108,0x00000000d1400000)
 Metaspace       used 74591K, capacity 76598K, committed 76928K, reserved 1116160K
  class space    used 9699K, capacity 10277K, committed 10368K, reserved 1048576K

